[  396281ms] [INFO] %cDownload the React DevTools for a better development experience: https://react.dev/link/react-devtools font-weight:bold @ http://localhost:3000/_next/static/chunks/node_modules_next_dist_115brz8._.js:2431
[  396363ms] [LOG] [HMR] connected @ http://localhost:3000/_next/static/chunks/node_modules_next_dist_115brz8._.js:2431
[  396440ms] [WARNING] Image with src "/BazaarGhost/web-app-manifest-512x512.png" was detected as the Largest Contentful Paint (LCP). Please add the `loading="eager"` property if this image is above the fold.
Read more: https://nextjs.org/docs/app/api-reference/components/image#loading @ http://localhost:3000/_next/static/chunks/node_modules_next_dist_115brz8._.js:2431
[  396455ms] [WARNING] Image with src "/BazaarGhost/web-app-manifest-512x512.png" has "fill" but is missing "sizes" prop. Please add it to improve page performance. Read more: https://nextjs.org/docs/api-reference/next/image#sizes @ http://localhost:3000/_next/static/chunks/node_modules_next_dist_115brz8._.js:2431
[  396456ms] [WARNING] Image with src "/LSystemN3.gif" has "fill" but is missing "sizes" prop. Please add it to improve page performance. Read more: https://nextjs.org/docs/api-reference/next/image#sizes @ http://localhost:3000/_next/static/chunks/node_modules_next_dist_115brz8._.js:2431
[  396467ms] [WARNING] Image with src "https://assets.tina.io/260ec15c-da69-4817-9885-ad30c27199be/blogging.jpg" has "fill" but is missing "sizes" prop. Please add it to improve page performance. Read more: https://nextjs.org/docs/api-reference/next/image#sizes @ http://localhost:3000/_next/static/chunks/node_modules_next_dist_115brz8._.js:2431
[  396525ms] [LOG] %c[Vercel Web Analytics]%c Debug mode is enabled by default in development. No requests will be sent to the server. color: rgb(120, 120, 120) color: inherit @ http://localhost:3000/_next/static/chunks/node_modules_next_dist_115brz8._.js:2431
[  396526ms] [LOG] %c[Vercel Web Analytics]%c Running queued event color: rgb(120, 120, 120) color: inherit pageview {route: /posts, path: /posts} @ http://localhost:3000/_next/static/chunks/node_modules_next_dist_115brz8._.js:2431
[  396528ms] [LOG] %c[Vercel Web Analytics]%c [view] http://localhost:3000/posts color: rgb(120, 120, 120) color: inherit {o: http://localhost:3000/posts, sv: 0.1.3, sdkn: @vercel/analytics/next, sdkv: 1.6.1, ts: 1775057359404} /_vercel/insights/view @ http://localhost:3000/_next/static/chunks/node_modules_next_dist_115brz8._.js:2431
[  641611ms] [LOG] [Fast Refresh] rebuilding @ http://localhost:3000/_next/static/chunks/node_modules_next_dist_115brz8._.js:2431
[  641635ms] [LOG] [Fast Refresh] done in 18ms @ http://localhost:3000/_next/static/chunks/node_modules_next_dist_115brz8._.js:2431
[  790623ms] [ERROR] WebSocket connection to 'ws://localhost:3000/_next/webpack-hmr?id=8YJzqSHxCvnmHD7lypTmu' failed: Error in connection establishment: net::ERR_CONNECTION_REFUSED @ http://localhost:3000/_next/static/chunks/node_modules_next_dist_client_0fhqo1d._.js:13299
[  791624ms] [ERROR] WebSocket connection to 'ws://localhost:3000/_next/webpack-hmr?id=8YJzqSHxCvnmHD7lypTmu' failed: Error in connection establishment: net::ERR_CONNECTION_REFUSED @ http://localhost:3000/_next/static/chunks/node_modules_next_dist_client_0fhqo1d._.js:13299
[  792631ms] [LOG] [HMR] connected @ http://localhost:3000/_next/static/chunks/node_modules_next_dist_115brz8._.js:2431
[  793174ms] [INFO] %cDownload the React DevTools for a better development experience: https://react.dev/link/react-devtools font-weight:bold @ http://localhost:3000/_next/static/chunks/node_modules_next_dist_115brz8._.js:2431
[  793211ms] [LOG] [HMR] connected @ http://localhost:3000/_next/static/chunks/node_modules_next_dist_115brz8._.js:2431
[  793262ms] [WARNING] Image with src "/BazaarGhost/web-app-manifest-512x512.png" was detected as the Largest Contentful Paint (LCP). Please add the `loading="eager"` property if this image is above the fold.
Read more: https://nextjs.org/docs/app/api-reference/components/image#loading @ http://localhost:3000/_next/static/chunks/node_modules_next_dist_115brz8._.js:2431
[  793267ms] [WARNING] Image with src "/BazaarGhost/web-app-manifest-512x512.png" has "fill" but is missing "sizes" prop. Please add it to improve page performance. Read more: https://nextjs.org/docs/api-reference/next/image#sizes @ http://localhost:3000/_next/static/chunks/node_modules_next_dist_115brz8._.js:2431
[  793267ms] [WARNING] Image with src "/LSystemN3.gif" has "fill" but is missing "sizes" prop. Please add it to improve page performance. Read more: https://nextjs.org/docs/api-reference/next/image#sizes @ http://localhost:3000/_next/static/chunks/node_modules_next_dist_115brz8._.js:2431
[  793275ms] [LOG] %c[Vercel Web Analytics]%c Debug mode is enabled by default in development. No requests will be sent to the server. color: rgb(120, 120, 120) color: inherit @ http://localhost:3000/_next/static/chunks/node_modules_next_dist_115brz8._.js:2431
[  793275ms] [LOG] %c[Vercel Web Analytics]%c Running queued event color: rgb(120, 120, 120) color: inherit pageview {route: /posts, path: /posts} @ http://localhost:3000/_next/static/chunks/node_modules_next_dist_115brz8._.js:2431
[  793275ms] [LOG] %c[Vercel Web Analytics]%c [view] http://localhost:3000/posts color: rgb(120, 120, 120) color: inherit {o: http://localhost:3000/posts, sv: 0.1.3, sdkn: @vercel/analytics/next, sdkv: 1.6.1, ts: 1775057756151} /_vercel/insights/view @ http://localhost:3000/_next/static/chunks/node_modules_next_dist_115brz8._.js:2431
[  793275ms] [WARNING] Image with src "https://assets.tina.io/260ec15c-da69-4817-9885-ad30c27199be/blogging.jpg" has "fill" but is missing "sizes" prop. Please add it to improve page performance. Read more: https://nextjs.org/docs/api-reference/next/image#sizes @ http://localhost:3000/_next/static/chunks/node_modules_next_dist_115brz8._.js:2431
[  797759ms] [LOG] [Fast Refresh] rebuilding @ http://localhost:3000/_next/static/chunks/node_modules_next_dist_115brz8._.js:2431
[  797764ms] [LOG] [Fast Refresh] done in 106ms @ http://localhost:3000/_next/static/chunks/node_modules_next_dist_115brz8._.js:2431
[ 1230407ms] [ERROR] WebSocket connection to 'ws://localhost:3000/_next/webpack-hmr?id=5RTpTxS1Y6q342PyHTjxt' failed: Error in connection establishment: net::ERR_CONNECTION_REFUSED @ http://localhost:3000/_next/static/chunks/node_modules_next_dist_client_0fhqo1d._.js:13299
[ 1231410ms] [ERROR] WebSocket connection to 'ws://localhost:3000/_next/webpack-hmr?id=5RTpTxS1Y6q342PyHTjxt' failed: Error in connection establishment: net::ERR_CONNECTION_REFUSED @ http://localhost:3000/_next/static/chunks/node_modules_next_dist_client_0fhqo1d._.js:13299
[ 1232413ms] [ERROR] WebSocket connection to 'ws://localhost:3000/_next/webpack-hmr?id=5RTpTxS1Y6q342PyHTjxt' failed: Error in connection establishment: net::ERR_CONNECTION_REFUSED @ http://localhost:3000/_next/static/chunks/node_modules_next_dist_client_0fhqo1d._.js:13299
[ 1233417ms] [ERROR] WebSocket connection to 'ws://localhost:3000/_next/webpack-hmr?id=5RTpTxS1Y6q342PyHTjxt' failed: Error in connection establishment: net::ERR_CONNECTION_REFUSED @ http://localhost:3000/_next/static/chunks/node_modules_next_dist_client_0fhqo1d._.js:13299
[ 1234420ms] [ERROR] WebSocket connection to 'ws://localhost:3000/_next/webpack-hmr?id=5RTpTxS1Y6q342PyHTjxt' failed: Error in connection establishment: net::ERR_CONNECTION_REFUSED @ http://localhost:3000/_next/static/chunks/node_modules_next_dist_client_0fhqo1d._.js:13299
